<?xml version="1.0" encoding="UTF-8"?>
<testsuite xmlns:xsi="http://www.w3.org/2001/XMLSchema-instance" xsi:noNamespaceSchemaLocation="https://maven.apache.org/surefire/maven-surefire-plugin/xsd/surefire-test-report.xsd" name="sensyne.sensyneTest" time="4.53" tests="1" errors="0" skipped="0" failures="1">
  <properties>
[...]
</properties>
  <testcase name="testParallel" classname="sensyne.sensyneTest" time="4.517">
    <failure message="status code was: 404, expected: 200, response time in milliseconds: 81, url: http://localhost:5000/v1/product/5, response: &#10;{&#10;  &quot;detail&quot;: &quot;The requested URL was not found on the server. If you entered the URL manually please check your spelling and try again.&quot;,&#10;  &quot;status&quot;: 404,&#10;  &quot;title&quot;: &quot;Not Found&quot;,&#10;  &quot;type&quot;: &quot;about:blank&quot;&#10;}&#10;&#10;classpath:sensyne/product/getaproduct.feature:12 ==&gt; expected: &lt;0&gt; but was: &lt;1&gt;" type="org.opentest4j.AssertionFailedError"><![CDATA[org.opentest4j.AssertionFailedError: 
status code was: 404, expected: 200, response time in milliseconds: 81, url: http://localhost:5000/v1/product/5, response: 
{
  "detail": "The requested URL was not found on the server. If you entered the URL manually please check your spelling and try again.",
  "status": 404,
  "title": "Not Found",
  "type": "about:blank"
}

classpath:sensyne/product/getaproduct.feature:12 ==> expected: <0> but was: <1>
	at sensyne.sensyneTest.testParallel(sensyneTest.java:16)
]]></failure>
    <system-out><![CDATA[21:32:37.890 [main] DEBUG com.intuit.karate.Suite - [config] classpath:karate-config.js
21:32:37.896 [main] INFO  com.intuit.karate.Suite - backed up existing 'target\karate-reports' dir to: target\karate-reports_1635021157895
21:32:37.910 [main] DEBUG com.intuit.karate.Suite - waiting for 5 features to complete
21:32:39.169 [pool-1-thread-1] INFO  com.intuit.karate - karate.env system property was: null 
21:32:39.169 [pool-1-thread-4] INFO  com.intuit.karate - karate.env system property was: null 
21:32:39.169 [pool-1-thread-5] INFO  com.intuit.karate - karate.env system property was: null 
21:32:39.169 [pool-1-thread-3] INFO  com.intuit.karate - karate.env system property was: null 
21:32:39.169 [pool-1-thread-2] INFO  com.intuit.karate - karate.env system property was: null 
21:32:39.589 [pool-1-thread-5] DEBUG com.intuit.karate - request:
1 > GET http://localhost:5000/v1/product/500
1 > Host: localhost:5000
1 > Connection: Keep-Alive
1 > User-Agent: Apache-HttpClient/4.5.13 (Java/11.0.8)
1 > Accept-Encoding: gzip,deflate


21:32:39.589 [pool-1-thread-4] DEBUG com.intuit.karate - request:
1 > GET http://localhost:5000/v1/product/5
1 > Host: localhost:5000
1 > Connection: Keep-Alive
1 > User-Agent: Apache-HttpClient/4.5.13 (Java/11.0.8)
1 > Accept-Encoding: gzip,deflate


21:32:39.589 [pool-1-thread-3] DEBUG com.intuit.karate - request:
1 > DELETE http://localhost:5000/v1/product/40a
1 > Host: localhost:5000
1 > Connection: Keep-Alive
1 > User-Agent: Apache-HttpClient/4.5.13 (Java/11.0.8)
1 > Accept-Encoding: gzip,deflate


21:32:39.589 [pool-1-thread-2] DEBUG com.intuit.karate - request:
1 > DELETE http://localhost:5000/v1/product/35
1 > Host: localhost:5000
1 > Connection: Keep-Alive
1 > User-Agent: Apache-HttpClient/4.5.13 (Java/11.0.8)
1 > Accept-Encoding: gzip,deflate


21:32:39.589 [pool-1-thread-1] DEBUG com.intuit.karate - request:
1 > DELETE http://localhost:5000/v1/product/35
1 > Host: localhost:5000
1 > Connection: Keep-Alive
1 > User-Agent: Apache-HttpClient/4.5.13 (Java/11.0.8)
1 > Accept-Encoding: gzip,deflate


21:32:39.672 [pool-1-thread-4] DEBUG com.intuit.karate - response time in milliseconds: 81
1 < 404
1 < Content-Length: 205
1 < Content-Type: application/problem+json
1 < Date: Sat, 23 Oct 2021 20:32:39 GMT
1 < Server: waitress
{
  "detail": "The requested URL was not found on the server. If you entered the URL manually please check your spelling and try again.",
  "status": 404,
  "title": "Not Found",
  "type": "about:blank"
}

21:32:39.672 [pool-1-thread-5] DEBUG com.intuit.karate - response time in milliseconds: 81
1 < 404
1 < Content-Length: 205
1 < Content-Type: application/problem+json
1 < Date: Sat, 23 Oct 2021 20:32:39 GMT
1 < Server: waitress
{
  "detail": "The requested URL was not found on the server. If you entered the URL manually please check your spelling and try again.",
  "status": 404,
  "title": "Not Found",
  "type": "about:blank"
}

21:32:39.672 [pool-1-thread-3] DEBUG com.intuit.karate - response time in milliseconds: 80
1 < 404
1 < Content-Length: 205
1 < Content-Type: application/problem+json
1 < Date: Sat, 23 Oct 2021 20:32:39 GMT
1 < Server: waitress
{
  "detail": "The requested URL was not found on the server. If you entered the URL manually please check your spelling and try again.",
  "status": 404,
  "title": "Not Found",
  "type": "about:blank"
}

21:32:39.674 [pool-1-thread-1] DEBUG com.intuit.karate - response time in milliseconds: 84
1 < 204
1 < Connection: close
1 < Content-Type: application/json
1 < Date: Sat, 23 Oct 2021 20:32:39 GMT
1 < Server: waitress

21:32:39.682 [pool-1-thread-2] DEBUG com.intuit.karate - response time in milliseconds: 92
1 < 404
1 < Content-Length: 205
1 < Content-Type: application/problem+json
1 < Date: Sat, 23 Oct 2021 20:32:39 GMT
1 < Server: waitress
{
  "detail": "The requested URL was not found on the server. If you entered the URL manually please check your spelling and try again.",
  "status": 404,
  "title": "Not Found",
  "type": "about:blank"
}

21:32:39.691 [pool-1-thread-1] INFO  com.intuit.karate - karate.env system property was: null 
21:32:39.697 [pool-1-thread-1] DEBUG com.intuit.karate - request:
1 > GET http://localhost:5000/v1/product/5a
1 > Host: localhost:5000
1 > Connection: Keep-Alive
1 > User-Agent: Apache-HttpClient/4.5.13 (Java/11.0.8)
1 > Accept-Encoding: gzip,deflate


21:32:39.723 [pool-1-thread-1] DEBUG com.intuit.karate - response time in milliseconds: 25
1 < 404
1 < Content-Length: 205
1 < Content-Type: application/problem+json
1 < Date: Sat, 23 Oct 2021 20:32:39 GMT
1 < Server: waitress
{
  "detail": "The requested URL was not found on the server. If you entered the URL manually please check your spelling and try again.",
  "status": 404,
  "title": "Not Found",
  "type": "about:blank"
}

21:32:39.752 [pool-1-thread-4] ERROR com.intuit.karate - classpath:sensyne/product/getaproduct.feature:12
Then status 200
status code was: 404, expected: 200, response time in milliseconds: 81, url: http://localhost:5000/v1/product/5, response: 
{
  "detail": "The requested URL was not found on the server. If you entered the URL manually please check your spelling and try again.",
  "status": 404,
  "title": "Not Found",
  "type": "about:blank"
}

classpath:sensyne/product/getaproduct.feature:12
21:32:39.767 [pool-1-thread-4] INFO  com.intuit.karate - karate.env system property was: null 
21:32:39.771 [pool-1-thread-4] DEBUG com.intuit.karate - request:
1 > GET http://localhost:5000/v1/products
1 > Host: localhost:5000
1 > Connection: Keep-Alive
1 > User-Agent: Apache-HttpClient/4.5.13 (Java/11.0.8)
1 > Accept-Encoding: gzip,deflate


21:32:39.840 [pool-1-thread-4] DEBUG com.intuit.karate - response time in milliseconds: 68
1 < 200
1 < Content-Length: 2394
1 < Content-Type: application/json
1 < Date: Sat, 23 Oct 2021 20:32:39 GMT
1 < Server: waitress
[
  {
    "id": 18,
    "name": "Television",
    "price": "35.00"
  },
  {
    "id": 19,
    "name": "Hanging Mat",
    "price": "9.25"
  },
  {
    "id": 20,
    "name": "extra",
    "price": "9.25"
  },
  {
    "id": 21,
    "name": "extra",
    "price": "1.00"
  },
  {
    "id": 22,
    "name": "extra large",
    "price": "9.25"
  },
  {
    "id": 23,
    "name": "extra large",
    "price": "9.25"
  },
  {
    "id": 24,
    "name": "air cushion",
    "price": "60.25"
  },
  {
    "id": 25,
    "name": "rest chair",
    "price": "50.25"
  },
  {
    "id": 26,
    "name": "rest chair",
    "price": "50.25"
  },
  {
    "id": 27,
    "name": "air cushion",
    "price": "60.25"
  },
  {
    "id": 28,
    "name": "sofa",
    "price": "50.25"
  },
  {
    "id": 29,
    "name": "bean bag",
    "price": "60.25"
  },
  {
    "id": 30,
    "name": "extra large",
    "price": "9.25"
  },
  {
    "id": 31,
    "name": "tele",
    "price": "50.25"
  },
  {
    "id": 32,
    "name": "sofa",
    "price": "50.25"
  },
  {
    "id": 33,
    "name": "bean bag",
    "price": "60.25"
  },
  {
    "id": 34,
    "name": "bean bag",
    "price": "60.25"
  },
  {
    "id": 37,
    "name": "basket",
    "price": "60.25"
  },
  {
    "id": 38,
    "name": "tele",
    "price": "78.00"
  },
  {
    "id": 39,
    "name": "tele",
    "price": "21.00"
  },
  {
    "id": 41,
    "name": "qweqw",
    "price": "23.00"
  },
  {
    "id": 42,
    "name": "",
    "price": "23.00"
  },
  {
    "id": 43,
    "name": "",
    "price": "23.00"
  },
  {
    "id": 44,
    "name": "",
    "price": "23.00"
  },
  {
    "id": 45,
    "name": "chair",
    "price": "45.00"
  },
  {
    "id": 46,
    "name": "laptop",
    "price": "25.00"
  },
  {
    "id": 47,
    "name": "cpu",
    "price": "15.00"
  },
  {
    "id": 48,
    "name": "Laptop",
    "price": "60.25"
  },
  {
    "id": 49,
    "name": "chair",
    "price": "35.00"
  },
  {
    "id": 50,
    "name": "wireless mouse",
    "price": "12.00"
  },
  {
    "id": 51,
    "name": "wireless mouse",
    "price": "12.00"
  },
  {
    "id": 52,
    "name": "laptop",
    "price": "25.00"
  },
  {
    "id": 53,
    "name": "fan",
    "price": "45.00"
  },
  {
    "id": 54,
    "name": "Laptop",
    "price": "60.25"
  },
  {
    "id": 55,
    "name": "chair",
    "price": "35.00"
  },
  {
    "id": 56,
    "name": "cpu",
    "price": "15.00"
  }
]

21:32:39.858 [pool-1-thread-1] INFO  com.intuit.karate - karate.env system property was: null 
21:32:39.860 [pool-1-thread-2] INFO  com.intuit.karate - karate.env system property was: null 
21:32:39.866 [pool-1-thread-5] INFO  com.intuit.karate - karate.env system property was: null 
21:32:39.882 [pool-1-thread-4] INFO  com.intuit.karate - karate.env system property was: null 
21:32:39.911 [pool-1-thread-3] INFO  com.intuit.karate - karate.env system property was: null 
21:32:39.953 [pool-1-thread-1] DEBUG com.intuit.karate - request:
1 > POST http://localhost:5000/v1/product
1 > Content-Type: application/json; charset=UTF-8
1 > Content-Length: 27
1 > Host: localhost:5000
1 > Connection: Keep-Alive
1 > User-Agent: Apache-HttpClient/4.5.13 (Java/11.0.8)
1 > Accept-Encoding: gzip,deflate
{"name":"chair","price":35}

21:32:39.957 [pool-1-thread-2] DEBUG com.intuit.karate - request:
1 > POST http://localhost:5000/v1/product
1 > Content-Type: application/json; charset=UTF-8
1 > Content-Length: 28
1 > Host: localhost:5000
1 > Connection: Keep-Alive
1 > User-Agent: Apache-HttpClient/4.5.13 (Java/11.0.8)
1 > Accept-Encoding: gzip,deflate
{"name":"laptop","price":25}

21:32:39.960 [pool-1-thread-3] DEBUG com.intuit.karate - request:
1 > POST http://localhost:5000/v1/product
1 > Content-Type: application/json; charset=UTF-8
1 > Content-Length: 27
1 > Host: localhost:5000
1 > Connection: Keep-Alive
1 > User-Agent: Apache-HttpClient/4.5.13 (Java/11.0.8)
1 > Accept-Encoding: gzip,deflate
{"name":"fan","price":45.0}

21:32:39.968 [pool-1-thread-5] DEBUG com.intuit.karate - request:
1 > POST http://localhost:5000/v1/product
1 > Content-Type: application/json; charset=UTF-8
1 > Content-Length: 25
1 > Host: localhost:5000
1 > Connection: Keep-Alive
1 > User-Agent: Apache-HttpClient/4.5.13 (Java/11.0.8)
1 > Accept-Encoding: gzip,deflate
{"name":"cpu","price":15}

21:32:39.978 [pool-1-thread-4] DEBUG com.intuit.karate - request:
1 > POST http://localhost:5000/v1/product
1 > Content-Type: application/json; charset=UTF-8
1 > Content-Length: 38
1 > Host: localhost:5000
1 > Connection: Keep-Alive
1 > User-Agent: Apache-HttpClient/4.5.13 (Java/11.0.8)
1 > Accept-Encoding: gzip,deflate
{"name":"wireless mouse","price":12.0}

21:32:40.096 [pool-1-thread-4] DEBUG com.intuit.karate - response time in milliseconds: 117
1 < 204
1 < Connection: close
1 < Content-Type: application/json
1 < Date: Sat, 23 Oct 2021 20:32:40 GMT
1 < Server: waitress

21:32:40.107 [pool-1-thread-4] INFO  com.intuit.karate - karate.env system property was: null 
21:32:40.116 [pool-1-thread-4] DEBUG com.intuit.karate - request:
1 > POST http://localhost:5000/v1/product
1 > Content-Type: application/json; charset=UTF-8
1 > Content-Length: 17
1 > Host: localhost:5000
1 > Connection: Keep-Alive
1 > User-Agent: Apache-HttpClient/4.5.13 (Java/11.0.8)
1 > Accept-Encoding: gzip,deflate
{"name":"papers"}

21:32:40.164 [pool-1-thread-4] DEBUG com.intuit.karate - response time in milliseconds: 48
1 < 400
1 < Content-Length: 117
1 < Content-Type: application/problem+json
1 < Date: Sat, 23 Oct 2021 20:32:40 GMT
1 < Server: waitress
{
  "detail": "'price' is a required property",
  "status": 400,
  "title": "Bad Request",
  "type": "about:blank"
}

21:32:40.164 [pool-1-thread-2] DEBUG com.intuit.karate - response time in milliseconds: 206
1 < 204
1 < Connection: close
1 < Content-Type: application/json
1 < Date: Sat, 23 Oct 2021 20:32:40 GMT
1 < Server: waitress

21:32:40.174 [pool-1-thread-2] INFO  com.intuit.karate - karate.env system property was: null 
21:32:40.177 [pool-1-thread-4] INFO  com.intuit.karate - karate.env system property was: null 
21:32:40.181 [pool-1-thread-2] DEBUG com.intuit.karate - request:
1 > POST http://localhost:5000/v1/product
1 > Content-Type: application/json; charset=UTF-8
1 > Content-Length: 12
1 > Host: localhost:5000
1 > Connection: Keep-Alive
1 > User-Agent: Apache-HttpClient/4.5.13 (Java/11.0.8)
1 > Accept-Encoding: gzip,deflate
{"price":23}

21:32:40.182 [pool-1-thread-4] DEBUG com.intuit.karate - request:
1 > POST http://localhost:5000/v1/product
1 > Content-Type: application/json; charset=UTF-8
1 > Content-Length: 31
1 > Host: localhost:5000
1 > Connection: Keep-Alive
1 > User-Agent: Apache-HttpClient/4.5.13 (Java/11.0.8)
1 > Accept-Encoding: gzip,deflate
{"name":"papers","price":"23p"}

21:32:40.212 [pool-1-thread-2] DEBUG com.intuit.karate - response time in milliseconds: 30
1 < 400
1 < Content-Length: 116
1 < Content-Type: application/problem+json
1 < Date: Sat, 23 Oct 2021 20:32:40 GMT
1 < Server: waitress
{
  "detail": "'name' is a required property",
  "status": 400,
  "title": "Bad Request",
  "type": "about:blank"
}

21:32:40.212 [pool-1-thread-4] DEBUG com.intuit.karate - response time in milliseconds: 29
1 < 400
1 < Content-Length: 126
1 < Content-Type: application/problem+json
1 < Date: Sat, 23 Oct 2021 20:32:40 GMT
1 < Server: waitress
{
  "detail": "'23p' is not of type 'number' - 'price'",
  "status": 400,
  "title": "Bad Request",
  "type": "about:blank"
}

21:32:40.222 [pool-1-thread-2] INFO  com.intuit.karate - karate.env system property was: null 
21:32:40.222 [pool-1-thread-4] INFO  com.intuit.karate - karate.env system property was: null 
21:32:40.226 [pool-1-thread-4] DEBUG com.intuit.karate - request:
1 > POST http://localhost:5000/v1/product
1 > Content-Type: application/json; charset=UTF-8
1 > Content-Length: 49
1 > Host: localhost:5000
1 > Connection: Keep-Alive
1 > User-Agent: Apache-HttpClient/4.5.13 (Java/11.0.8)
1 > Accept-Encoding: gzip,deflate
{"name":"Laptop","product_code":11,"price":60.25}

21:32:40.226 [pool-1-thread-2] DEBUG com.intuit.karate - request:
1 > PUT http://localhost:5000/v1/product/18
1 > Content-Type: application/json; charset=UTF-8
1 > Content-Length: 34
1 > Host: localhost:5000
1 > Connection: Keep-Alive
1 > User-Agent: Apache-HttpClient/4.5.13 (Java/11.0.8)
1 > Accept-Encoding: gzip,deflate
{"name":"Television","price":35.0}

21:32:40.243 [pool-1-thread-5] DEBUG com.intuit.karate - response time in milliseconds: 274
1 < 204
1 < Connection: close
1 < Content-Type: application/json
1 < Date: Sat, 23 Oct 2021 20:32:40 GMT
1 < Server: waitress

21:32:40.255 [pool-1-thread-5] INFO  com.intuit.karate - karate.env system property was: null 
21:32:40.264 [pool-1-thread-5] DEBUG com.intuit.karate - request:
1 > PUT http://localhost:5000/v1/product/18a
1 > Content-Type: application/json; charset=UTF-8
1 > Content-Length: 32
1 > Host: localhost:5000
1 > Connection: Keep-Alive
1 > User-Agent: Apache-HttpClient/4.5.13 (Java/11.0.8)
1 > Accept-Encoding: gzip,deflate
{"name":"Computer","price":35.0}

21:32:40.272 [pool-1-thread-2] DEBUG com.intuit.karate - response time in milliseconds: 44
1 < 204
1 < Connection: close
1 < Content-Type: application/json
1 < Date: Sat, 23 Oct 2021 20:32:40 GMT
1 < Server: waitress

21:32:40.276 [pool-1-thread-2] DEBUG com.intuit.karate - request:
2 > GET http://localhost:5000/v1/product/18
2 > Host: localhost:5000
2 > Connection: Keep-Alive
2 > User-Agent: Apache-HttpClient/4.5.13 (Java/11.0.8)
2 > Accept-Encoding: gzip,deflate


21:32:40.339 [pool-1-thread-4] DEBUG com.intuit.karate - response time in milliseconds: 112
1 < 204
1 < Connection: close
1 < Content-Type: application/json
1 < Date: Sat, 23 Oct 2021 20:32:40 GMT
1 < Server: waitress

21:32:40.348 [pool-1-thread-2] DEBUG com.intuit.karate - response time in milliseconds: 71
2 < 200
2 < Content-Length: 59
2 < Content-Type: application/json
2 < Date: Sat, 23 Oct 2021 20:32:40 GMT
2 < Server: waitress
{
  "id": 18,
  "name": "Television",
  "price": "35.00"
}

21:32:40.348 [pool-1-thread-5] DEBUG com.intuit.karate - response time in milliseconds: 84
1 < 404
1 < Content-Length: 205
1 < Content-Type: application/problem+json
1 < Date: Sat, 23 Oct 2021 20:32:40 GMT
1 < Server: waitress
{
  "detail": "The requested URL was not found on the server. If you entered the URL manually please check your spelling and try again.",
  "status": 404,
  "title": "Not Found",
  "type": "about:blank"
}

21:32:40.400 [pool-1-thread-1] DEBUG com.intuit.karate - response time in milliseconds: 446
1 < 204
1 < Connection: close
1 < Content-Type: application/json
1 < Date: Sat, 23 Oct 2021 20:32:40 GMT
1 < Server: waitress

21:32:40.437 [pool-1-thread-3] DEBUG com.intuit.karate - response time in milliseconds: 476
1 < 204
1 < Connection: close
1 < Content-Type: application/json
1 < Date: Sat, 23 Oct 2021 20:32:40 GMT
1 < Server: waitress

---------------------------------------------------------
feature: classpath:sensyne/product/deleteaproduct.feature
scenarios:  3 | passed:  3 | failed:  0 | time: 1.7260
---------------------------------------------------------

21:32:40.995 [pool-2-thread-1] INFO  com.intuit.karate.Suite - <<pass>> feature 1 of 5 (4 remaining) classpath:sensyne/product/deleteaproduct.feature
---------------------------------------------------------
feature: classpath:sensyne/product/getaproduct.feature
scenarios:  3 | passed:  2 | failed:  1 | time: 1.3222
---------------------------------------------------------

21:32:41.109 [pool-2-thread-1] INFO  com.intuit.karate.Suite - <<fail>> feature 2 of 5 (3 remaining) classpath:sensyne/product/getaproduct.feature
---------------------------------------------------------
feature: classpath:sensyne/product/getproducts.feature
scenarios:  1 | passed:  1 | failed:  0 | time: 0.1054
---------------------------------------------------------

21:32:41.170 [pool-2-thread-1] INFO  com.intuit.karate.Suite - <<pass>> feature 3 of 5 (2 remaining) classpath:sensyne/product/getproducts.feature
---------------------------------------------------------
feature: classpath:sensyne/product/postproduct.feature
scenarios:  9 | passed:  9 | failed:  0 | time: 2.2023
---------------------------------------------------------

21:32:41.404 [pool-2-thread-1] INFO  com.intuit.karate.Suite - <<pass>> feature 4 of 5 (1 remaining) classpath:sensyne/product/postproduct.feature
---------------------------------------------------------
feature: classpath:sensyne/product/updateproduct.feature
scenarios:  2 | passed:  2 | failed:  0 | time: 0.2211
---------------------------------------------------------

21:32:41.466 [pool-2-thread-1] INFO  com.intuit.karate.Suite - <<pass>> feature 5 of 5 (0 remaining) classpath:sensyne/product/updateproduct.feature
Karate version: 1.1.0
======================================================
elapsed:   4.16 | threads:    5 | thread time: 5.58 
features:     5 | skipped:    0 | efficiency: 0.27
scenarios:   18 | passed:    17 | failed: 1
======================================================
>>> failed features:
status code was: 404, expected: 200, response time in milliseconds: 81, url: http://localhost:5000/v1/product/5, response: 
{
  "detail": "The requested URL was not found on the server. If you entered the URL manually please check your spelling and try again.",
  "status": 404,
  "title": "Not Found",
  "type": "about:blank"
}

classpath:sensyne/product/getaproduct.feature:12
<<<

HTML report: (paste into browser to view) | Karate version: 1.1.0
file:///C:/ApiTest/myApitest/target/karate-reports/karate-summary.html
===================================================================

]]></system-out>
  </testcase>
</testsuite>